<?xml version="1.0" encoding="UTF-8"?>
<!-- Generated by org.testng.reporters.JUnitReportReporter -->
<testsuite hostname="LTIN425663" failures="0" tests="4" name="com.testrunner.TestRunner" time="6.913" errors="0" timestamp="2023-09-02T16:05:36 IST" skipped="1">
  <testcase classname="com.testrunner.TestRunner" name="loginTest" time="1.570"/>
  <testcase classname="com.testrunner.TestRunner" name="registeration" time="0.068"/>
  <testcase classname="com.testrunner.TestRunner" name="registrationFormFilling" time="5.275"/>
  <testcase classname="com.testrunner.TestRunner" name="bookingFlights">
    <skipped/>
  </testcase> <!-- bookingFlights -->
</testsuite> <!-- com.testrunner.TestRunner -->
