<?xml version="1.0" encoding="UTF-8"?>
<!-- Generated by org.testng.reporters.JUnitReportReporter -->
<testsuite hostname="LTIN425663" failures="0" tests="3" name="com.testrunner.TestRunner" time="4.172" errors="0" timestamp="2023-08-31T21:51:07 IST" skipped="0">
  <testcase classname="com.testrunner.TestRunner" name="loginTest" time="1.443"/>
  <testcase classname="com.testrunner.TestRunner" name="registeration" time="0.815"/>
  <testcase classname="com.testrunner.TestRunner" name="registrationFormFilling" time="1.914"/>
</testsuite> <!-- com.testrunner.TestRunner -->
