<?xml version="1.0" encoding="UTF-8"?>
<!-- Generated by org.testng.reporters.JUnitReportReporter -->
<testsuite hostname="LTIN425663" failures="0" tests="4" name="com.testrunner.TestRunner" time="6.176" errors="0" timestamp="2023-09-02T19:29:26 IST" skipped="1">
  <testcase classname="com.testrunner.TestRunner" name="loginTest" time="1.247"/>
  <testcase classname="com.testrunner.TestRunner" name="registeration" time="0.033"/>
  <testcase classname="com.testrunner.TestRunner" name="registrationFormFilling" time="4.896"/>
  <testcase classname="com.testrunner.TestRunner" name="bookingFlights">
    <skipped/>
  </testcase> <!-- bookingFlights -->
</testsuite> <!-- com.testrunner.TestRunner -->
