<?xml version="1.0" encoding="UTF-8"?>
<!-- Generated by org.testng.reporters.JUnitReportReporter -->
<testsuite hostname="LTIN425663" failures="0" tests="4" name="com.testrunner.TestRunner" time="14.491" errors="0" timestamp="2023-09-02T19:51:55 IST" skipped="1">
  <testcase classname="com.testrunner.TestRunner" name="registeration" time="0.031"/>
  <testcase classname="com.testrunner.TestRunner" name="registrationFormFilling" time="13.117"/>
  <testcase classname="com.testrunner.TestRunner" name="loginTest" time="1.343"/>
  <testcase classname="com.testrunner.TestRunner" name="bookingFlights">
    <skipped/>
  </testcase> <!-- bookingFlights -->
</testsuite> <!-- com.testrunner.TestRunner -->
