<?xml version="1.0" encoding="UTF-8"?>
<!-- Generated by org.testng.reporters.JUnitReportReporter -->
<testsuite hostname="LTIN425663" failures="0" tests="1" name="com.learning.Day2" time="0.001" errors="0" timestamp="2023-09-02T15:48:10 IST" skipped="0">
  <testcase classname="com.learning.Day2" name="test6" time="0.001"/>
</testsuite> <!-- com.learning.Day2 -->
