<?xml version="1.0" encoding="UTF-8"?>
<!-- Generated by org.testng.reporters.JUnitReportReporter -->
<testsuite hostname="LTIN425663" failures="0" tests="4" name="com.testrunner.TestRunner" time="14.851" errors="0" timestamp="2023-09-05T10:07:29 IST" skipped="1">
  <testcase classname="com.testrunner.TestRunner" name="registrationFormFilling" time="11.725"/>
  <testcase classname="com.testrunner.TestRunner" name="registeration" time="0.039"/>
  <testcase classname="com.testrunner.TestRunner" name="loginTest" time="3.087"/>
  <testcase classname="com.testrunner.TestRunner" name="bookingFlights">
    <skipped/>
  </testcase> <!-- bookingFlights -->
</testsuite> <!-- com.testrunner.TestRunner -->
