<?xml version="1.0" encoding="UTF-8"?>
<!-- Generated by org.testng.reporters.JUnitReportReporter -->
<testsuite hostname="LTIN425663" failures="0" tests="2" name="com.learning.Day1" time="0.008" errors="0" timestamp="2023-09-02T15:48:10 IST" skipped="0">
  <testcase classname="com.learning.Day1" name="test3" time="0.001"/>
  <testcase classname="com.learning.Day1" name="test1" time="0.007"/>
</testsuite> <!-- com.learning.Day1 -->
